<?xml version="1.0" encoding="UTF-8"?>
<!-- Generated by org.testng.reporters.JUnitReportReporter -->
<testsuite hostname="DESKTOP-H0O8R7Q" failures="0" tests="1" name="ProductTest.Ravali_Test" time="10.088" errors="0" timestamp="2025-05-10T10:33:03 IST" skipped="0">
  <testcase classname="ProductTest.Ravali_Test" name="Task1" time="10.088">
    <system-out>
      <![CDATA[Step 1: Browser launched Successfull
Step 2: Login Successfull
Step 3: Product added Successfull]]>
    </system-out>
  </testcase> <!-- Task1 -->
  <system-out>
    <![CDATA[Step 1: Browser launched Successfull
Step 2: Login Successfull
Step 3: Product added Successfull]]>
  </system-out>
</testsuite> <!-- ProductTest.Ravali_Test -->
